Change Component Designator: OldDesignator=Charging Controller? NewDesignator=Charging Controller
Change Component Designator: OldDesignator=DG NewDesignator=D?
Change Component Designator: OldDesignator=DR NewDesignator=DS?
Change Component Designator: OldDesignator=J? NewDesignator=USB
Change Component Designator: OldDesignator=P1 NewDesignator=Battery Terminal
Change Component Designator: OldDesignator=SW? NewDesignator=SW1
Change Component Designator: OldDesignator=U2 NewDesignator=3.3V Converter
Change Net Name : Old Net Name=NetAccelerometer?_1 New Net Name=Net3.3V Converter_4
Change Net Name : Old Net Name=NetAccelerometer?_8 New Net Name=NetAccelerometer_8
Change Net Name : Old Net Name=NetAccelerometer?_13 New Net Name=Net3.3V Converter_1
Change Net Name : Old Net Name=NetAccelerometer?_20 New Net Name=NetAccelerometer_20
Change Net Name : Old Net Name=NetAccelerometer?_23 New Net Name=NetAccelerometer_23
Change Net Name : Old Net Name=NetAccelerometer?_24 New Net Name=NetAccelerometer_24
Change Net Name : Old Net Name=NetC1_2 New Net Name=Net3.3V Converter_3
Change Net Name : Old Net Name=NetCharging Controller?_1 New Net Name=NetCharging Controller_1
Change Net Name : Old Net Name=NetCharging Controller?_5 New Net Name=NetCharging Controller_5
Change Net Name : Old Net Name=NetCharging Controller?_7 New Net Name=NetCharging Controller_7
Change Net Name : Old Net Name=NetCharging Controller?_9 New Net Name=NetCharging Controller_9
Change Net Name : Old Net Name=NetCharging Controller?_12 New Net Name=NetCharging Controller_12
Change Net Name : Old Net Name=NetCharging Controller?_16 New Net Name=NetCharging Controller_16
Change Net Name : Old Net Name=NetJ?_2 New Net Name=NetU1_45
Change Net Name : Old Net Name=NetJ?_3 New Net Name=NetU1_46
Change Net Name : Old Net Name=NetSW?_3 New Net Name=NetSW1_3
Added Pin To Net: NetName=NetU1_23 Pin=U1-23
Added Net: Name=NetU1_23
Added Pin To Net: NetName=NetU1_24 Pin=U1-24
Added Net: Name=NetU1_24
Added Pin To Net: NetName=NetU1_35 Pin=U1-35
Added Net: Name=NetU1_35
Added Pin To Net: NetName=NetU1_36 Pin=U1-36
Added Net: Name=NetU1_36
Added Pin To Net: NetName=NetU1_43 Pin=U1-43
Added Net: Name=NetU1_43
Added Pin To Net: NetName=NetU1_44 Pin=U1-44
Added Net: Name=NetU1_44
Added Member To Class: ClassName=SdpSchemRev1 Member=Component 3.3V Converter KF33BDT-TR
Added Member To Class: ClassName=SdpSchemRev1 Member=Component Accelerometer MPU6050
Added Member To Class: ClassName=SdpSchemRev1 Member=Component Battery Terminal S2B-PH-SM4-TB(LF)(SN)
Added Member To Class: ClassName=SdpSchemRev1 Member=Component C1 CAP 1uF 50V 0805(2012)
Added Member To Class: ClassName=SdpSchemRev1 Member=Component C2 GRM21BR61E106KA73L
Added Member To Class: ClassName=SdpSchemRev1 Member=Component C3
Added Member To Class: ClassName=SdpSchemRev1 Member=Component C4 CAP 1uF 50V 0805(2012)
Added Member To Class: ClassName=SdpSchemRev1 Member=Component C5
Added Member To Class: ClassName=SdpSchemRev1 Member=Component C6
Added Member To Class: ClassName=SdpSchemRev1 Member=Component C7
Added Member To Class: ClassName=SdpSchemRev1 Member=Component C8 CAP 1uF 50V 0805(2012)
Added Member To Class: ClassName=SdpSchemRev1 Member=Component C9 GRM1885C1H220JA01D
Added Member To Class: ClassName=SdpSchemRev1 Member=Component C10 GRM1885C1H220JA01D
Added Member To Class: ClassName=SdpSchemRev1 Member=Component C11 CAP 1uF 50V 0805(2012)
Added Member To Class: ClassName=SdpSchemRev1 Member=Component C12 GRM188R71H103KA01D
Added Member To Class: ClassName=SdpSchemRev1 Member=Component C13 GRM21BR61E106KA73L
Added Member To Class: ClassName=SdpSchemRev1 Member=Component C14 GRM188R60J475KE19D
Added Member To Class: ClassName=SdpSchemRev1 Member=Component C15 GRM188R71H222KA01D
Added Member To Class: ClassName=SdpSchemRev1 Member=Component Charging Controller BQ24075RGTT
Added Member To Class: ClassName=SdpSchemRev1 Member=Component D? LTST-C190GKT
Added Member To Class: ClassName=SdpSchemRev1 Member=Component DS? HSMS-C190
Added Member To Class: ClassName=SdpSchemRev1 Member=Component L1 B82422A1103K100
Added Member To Class: ClassName=SdpSchemRev1 Member=Component R1 ERA-6AEB103V
Added Member To Class: ClassName=SdpSchemRev1 Member=Component R2 ERA6AEB331V
Added Member To Class: ClassName=SdpSchemRev1 Member=Component R3 ERA6AEB2873V
Added Member To Class: ClassName=SdpSchemRev1 Member=Component R4 ERA-6AEB103V
Added Member To Class: ClassName=SdpSchemRev1 Member=Component R5 ERA6AEB472V
Added Member To Class: ClassName=SdpSchemRev1 Member=Component R6 ERA6AEB332V
Added Member To Class: ClassName=SdpSchemRev1 Member=Component R? ERA3AEB8451V
Added Member To Class: ClassName=SdpSchemRev1 Member=Component SW1 PTS645SM43SMTR92LFS
Added Member To Class: ClassName=SdpSchemRev1 Member=Component SW2 PTS645SM43SMTR92LFS
Added Member To Class: ClassName=SdpSchemRev1 Member=Component U1 ATSAMD51J19
Added Member To Class: ClassName=SdpSchemRev1 Member=Component USB 629105150521
Added Member To Class: ClassName=SdpSchemRev1 Member=Component Y1 ABS07-120-32.768KHZ-T
Added Room: Name=SdpSchemRev1
