Removed Pin From Net: NetName=Net3.3V Converter_4 Pin=Accelerometer-1
Removed Pin From Net: NetName=Net3.3V Converter_4 Pin=Accelerometer-9
Removed Pin From Net: NetName=Net3.3V Converter_4 Pin=Accelerometer-11
Removed Pin From Net: NetName=Net3.3V Converter_1 Pin=Accelerometer-13
Removed Pin From Net: NetName=Net3.3V Converter_4 Pin=Accelerometer-18
Removed Pin From Net: NetName=Net3.3V Converter_3 Pin=BLE !RESET-2
Removed Pin From Net: NetName=Net3.3V Converter_4 Pin=C12-1
Removed Pin From Net: NetName=Net3.3V Converter_4 Pin=C13-1
Removed Pin From Net: NetName=Net3.3V Converter_1 Pin=C13-2
Removed Pin From Net: NetName=Net3.3V Converter_4 Pin=C15-2
Removed Pin From Net: NetName=Net3.3V Converter_1 Pin=Charging Controller-2
Removed Pin From Net: NetName=Net3.3V Converter_1 Pin=Charging Controller-3
Removed Pin From Net: NetName=Net3.3V Converter_4 Pin=Charging Controller-4
Removed Pin From Net: NetName=Net3.3V Converter_4 Pin=Charging Controller-15
Removed Pin From Net: NetName=Net3.3V Converter_4 Pin=D?-1
Removed Pin From Net: NetName=Net3.3V Converter_4 Pin=DS?-2
Removed Pin From Net: NetName=Net3.3V Converter_4 Pin=QSPI Flash-4
Removed Pin From Net: NetName=Net3.3V Converter_3 Pin=QSPI Flash-8
Removed Pin From Net: NetName=Net3.3V Converter_4 Pin=R6-2
Removed Pin From Net: NetName=Net3.3V Converter_4 Pin=R?-1
Removed Pin From Net: NetName=Net3.3V Converter_1 Pin=SW1-2
Removed Pin From Net: NetName=NetU1_35 Pin=U-1
Removed Pin From Net: NetName=NetU1_36 Pin=U-2
Removed Pin From Net: NetName=NetU1_43 Pin=U-3
Removed Pin From Net: NetName=NetU1_44 Pin=U-4
Removed Pin From Net: NetName=Net3.3V Converter_3 Pin=U-9
Removed Pin From Net: NetName=Net3.3V Converter_4 Pin=U-12
Added Component: Designator=AC1(CAPC1608X90X35NL10T15)
Add component (AddParameter): Name = "ComponentLink1Description"; Value = "Manufacturer URL"; VariantName = "[No Variations]"
Add component (AddParameter): Name = "ComponentLink1URL"; Value = "http://www.murata.com/"; VariantName = "[No Variations]"
Add component (AddParameter): Name = "ComponentLink2Description"; Value = "Datasheet"; VariantName = "[No Variations]"
Add component (AddParameter): Name = "ComponentLink2URL"; Value = "http://search.murata.co.jp/Ceramy/image/img/A01X/G101/ENG/GRM188R71H222KA01-01.pdf"; VariantName = "[No Variations]"
Add component (AddParameter): Name = "DatasheetVersion"; Value = "02/2016"; VariantName = "[No Variations]"
Add component (AddParameter): Name = "Height"; Value = "0.8 mm"; VariantName = "[No Variations]"
Add component (AddParameter): Name = "Lead Pitch"; Value = "4 mm"; VariantName = "[No Variations]"
Add component (AddParameter): Name = "Length"; Value = "1.6 mm"; VariantName = "[No Variations]"
Add component (AddParameter): Name = "Manufacturer"; Value = "Murata"; VariantName = "[No Variations]"
Add component (AddParameter): Name = "Max Operating Temperature"; Value = "125 degC"; VariantName = "[No Variations]"
Add component (AddParameter): Name = "Min Operating Temperature"; Value = "-55 degC"; VariantName = "[No Variations]"
Add component (AddParameter): Name = "Mount"; Value = "Surface Mount"; VariantName = "[No Variations]"
Add component (AddParameter): Name = "Mounting Technology"; Value = "Surface Mount"; VariantName = "[No Variations]"
Add component (AddParameter): Name = "Package Quantity"; Value = "4000"; VariantName = "[No Variations]"
Add component (AddParameter): Name = "PackageDescription"; Value = "2-Pin Surface Mount Device, Body 1.6 x 0.8 mm"; VariantName = "[No Variations]"
Add component (AddParameter): Name = "PackageReference"; Value = "0603"; VariantName = "[No Variations]"
Add component (AddParameter): Name = "Packaging"; Value = "Tape and Reel"; VariantName = "[No Variations]"
Add component (AddParameter): Name = "Pins"; Value = "2"; VariantName = "[No Variations]"
Add component (AddParameter): Name = "REACH SVHC"; Value = "No SVHC"; VariantName = "[No Variations]"
Add component (AddParameter): Name = "RoHSCompliant"; Value = "true"; VariantName = "[No Variations]"
Add component (AddParameter): Name = "Voltage Rating"; Value = "50 V"; VariantName = "[No Variations]"
Added Component: Designator=AC2(CAPC2013X135X45ML10T25)
Add component (AddParameter): Name = "Manufacturer"; Value = "Murata"; VariantName = "[No Variations]"
Add component (AddParameter): Name = "Part Number"; Value = "GRM21BR61E106KA73L"; VariantName = "[No Variations]"
Added Component: Designator=AC3(CAPC1608X90X35ML10T15)
Add component (AddParameter): Name = "Capacitance"; Value = "10nF"; VariantName = "[No Variations]"
Add component (AddParameter): Name = "Case Code (Imperial)"; Value = "0603"; VariantName = "[No Variations]"
Add component (AddParameter): Name = "Case Code (Metric)"; Value = "1608"; VariantName = "[No Variations]"
Add component (AddParameter): Name = "Case/Package"; Value = "0603"; VariantName = "[No Variations]"
Add component (AddParameter): Name = "Datasheet URL"; Value = "http://search.murata.co.jp/Ceramy/image/img/A01X/G101/ENG/GRM188R71H103KA01-01.pdf"; VariantName = "[No Variations]"
Add component (AddParameter): Name = "Datasheet Version"; Value = "42401.0"; VariantName = "[No Variations]"
Add component (AddParameter): Name = "Depth"; Value = "0.8mm"; VariantName = "[No Variations]"
Add component (AddParameter): Name = "Dielectric"; Value = "X7R"; VariantName = "[No Variations]"
Add component (AddParameter): Name = "Dielectric Material"; Value = "Ceramic"; VariantName = "[No Variations]"
Add component (AddParameter): Name = "Height"; Value = "0.8mm"; VariantName = "[No Variations]"
Add component (AddParameter): Name = "Insulation Resistance"; Value = "10GR"; VariantName = "[No Variations]"
Add component (AddParameter): Name = "Lead Free"; Value = "LeadFree"; VariantName = "[No Variations]"
Add component (AddParameter): Name = "Length"; Value = "1.6mm"; VariantName = "[No Variations]"
Add component (AddParameter): Name = "Manufacturer"; Value = "Murata"; VariantName = "[No Variations]"
Add component (AddParameter): Name = "Manufacturer URL"; Value = "http://www.murata.com/"; VariantName = "[No Variations]"
Add component (AddParameter): Name = "Material"; Value = "Ceramic"; VariantName = "[No Variations]"
Add component (AddParameter): Name = "Max Operating Temperature"; Value = "125degC"; VariantName = "[No Variations]"
Add component (AddParameter): Name = "Min Operating Temperature"; Value = "-55degC"; VariantName = "[No Variations]"
Add component (AddParameter): Name = "Mount"; Value = "SurfaceMount"; VariantName = "[No Variations]"
Add component (AddParameter): Name = "Number of Pins"; Value = "2"; VariantName = "[No Variations]"
Add component (AddParameter): Name = "Package Description"; Value = "2-Pin Surface Mount Device, Body 1.6 x 0.8 mm"; VariantName = "[No Variations]"
Add component (AddParameter): Name = "Package Quantity"; Value = "1"; VariantName = "[No Variations]"
Add component (AddParameter): Name = "Package Reference"; Value = "0603"; VariantName = "[No Variations]"
Add component (AddParameter): Name = "Packaging"; Value = "TapeandReel"; VariantName = "[No Variations]"
Add component (AddParameter): Name = "REACH SVHC"; Value = "Unknown"; VariantName = "[No Variations]"
Add component (AddParameter): Name = "RoHSCompliant"; Value = "True"; VariantName = "[No Variations]"
Add component (AddParameter): Name = "Termination"; Value = "SMD/SMT"; VariantName = "[No Variations]"
Add component (AddParameter): Name = "Thickness"; Value = "0.035inch"; VariantName = "[No Variations]"
Add component (AddParameter): Name = "Tolerance"; Value = "10%"; VariantName = "[No Variations]"
Add component (AddParameter): Name = "Voltage"; Value = "50V"; VariantName = "[No Variations]"
Add component (AddParameter): Name = "Voltage Rating"; Value = "50V"; VariantName = "[No Variations]"
Add component (AddParameter): Name = "Voltage Rating (DC)"; Value = "50V"; VariantName = "[No Variations]"
Add component (AddParameter): Name = "Width"; Value = "0.031inch"; VariantName = "[No Variations]"
Added Component: Designator=Accelerometer?(INSE-QFN-24_V)
Add component (AddParameter): Name = "Case Code (Imperial)"; Value = "0603"; VariantName = "[No Variations]"
Add component (AddParameter): Name = "Case Code (Metric)"; Value = "1608"; VariantName = "[No Variations]"
Add component (AddParameter): Name = "Case/Package"; Value = "0603"; VariantName = "[No Variations]"
Add component (AddParameter): Name = "ComponentLink1Description"; Value = "Manufacturer URL"; VariantName = "[No Variations]"
Add component (AddParameter): Name = "ComponentLink1URL"; Value = "http://www.invensense.com/"; VariantName = "[No Variations]"
Add component (AddParameter): Name = "ComponentLink2Description"; Value = "Datasheet"; VariantName = "[No Variations]"
Add component (AddParameter): Name = "ComponentLink2URL"; Value = "https://datasheet.ciiva.com/1513/1788002-1513632.pdf"; VariantName = "[No Variations]"
Add component (AddParameter): Name = "DatasheetVersion"; Value = "Rev. 3.4, 08/2013"; VariantName = "[No Variations]"
Add component (AddParameter): Name = "Height"; Value = "0.45 mm"; VariantName = "[No Variations]"
Add component (AddParameter): Name = "Length"; Value = "1.6 mm"; VariantName = "[No Variations]"
Add component (AddParameter): Name = "Max Operating Temperature"; Value = "155degC"; VariantName = "[No Variations]"
Add component (AddParameter): Name = "Min Operating Temperature"; Value = "-55degC"; VariantName = "[No Variations]"
Add component (AddParameter): Name = "Mount"; Value = "Surface Mount"; VariantName = "[No Variations]"
Add component (AddParameter): Name = "Package Quantity"; Value = "5000"; VariantName = "[No Variations]"
Add component (AddParameter): Name = "PackageDescription"; Value = "24-Pin Quad Flat No-lead Package, Body 4 x 4 mm, Pitch 0.5 mm"; VariantName = "[No Variations]"
Add component (AddParameter): Name = "PackageReference"; Value = "QFN-24"; VariantName = "[No Variations]"
Add component (AddParameter): Name = "Packaging"; Value = "Tape and Reel"; VariantName = "[No Variations]"
Add component (AddParameter): Name = "Pins"; Value = "2"; VariantName = "[No Variations]"
Add component (AddParameter): Name = "Power Rating"; Value = "100 mW"; VariantName = "[No Variations]"
Add component (AddParameter): Name = "Radiation Hardening"; Value = "No"; VariantName = "[No Variations]"
Add component (AddParameter): Name = "REACH SVHC"; Value = "Yes"; VariantName = "[No Variations]"
Add component (AddParameter): Name = "Resistance"; Value = "5.6 kohm"; VariantName = "[No Variations]"
Add component (AddParameter): Name = "RoHSCompliant"; Value = "True"; VariantName = "[No Variations]"
Add component (AddParameter): Name = "Tolerance"; Value = "1%"; VariantName = "[No Variations]"
Add component (AddParameter): Name = "Voltage Rating"; Value = "75 V"; VariantName = "[No Variations]"
Add component (AddParameter): Name = "Width"; Value = "0.8 mm"; VariantName = "[No Variations]"
Added Component: Designator=LS?(FP-CVS-1508-MFG)
Add component (AddParameter): Name = "Automotive"; Value = "No"; VariantName = "[No Variations]"
Add component (AddParameter): Name = "Category"; Value = "Speak"; VariantName = "[No Variations]"
Add component (AddParameter): Name = "ComponentLink2Description"; Value = "Datasheet"; VariantName = "[No Variations]"
Add component (AddParameter): Name = "ComponentLink2URL"; Value = "https://www.cui.com/product/resource/cvs-1508.pdf"; VariantName = "[No Variations]"
Add component (AddParameter): Name = "Device Class L1"; Value = "Electromechanical"; VariantName = "[No Variations]"
Add component (AddParameter): Name = "Device Class L2"; Value = "Audio Products"; VariantName = "[No Variations]"
Add component (AddParameter): Name = "Device Class L3"; Value = "Speakers"; VariantName = "[No Variations]"
Add component (AddParameter): Name = "Digikey Description"; Value = "SPEAKER 8OHM 300MW TOP PORT 87DB"; VariantName = "[No Variations]"
Add component (AddParameter): Name = "Frequency"; Value = "1700Hz"; VariantName = "[No Variations]"
Add component (AddParameter): Name = "Height"; Value = "8mm"; VariantName = "[No Variations]"
Add component (AddParameter): Name = "Lead Free"; Value = "Yes"; VariantName = "[No Variations]"
Add component (AddParameter): Name = "Manufacturer"; Value = "CUI Inc"; VariantName = "[No Variations]"
Add component (AddParameter): Name = "Manufacturer Part Number"; Value = "CVS-1508"; VariantName = "[No Variations]"
Add component (AddParameter): Name = "Mouser Description"; Value = "Speakers & Transducers Speakers"; VariantName = "[No Variations]"
Add component (AddParameter): Name = "Octopart"; Value = "https://octopart.com/cvs-1508-cui-21325683"; VariantName = "[No Variations]"
Add component (AddParameter): Name = "Package"; Value = "CVS-1508"; VariantName = "[No Variations]"
Add component (AddParameter): Name = "Resistance"; Value = "8O"; VariantName = "[No Variations]"
Add component (AddParameter): Name = "RoHS"; Value = "TRUE"; VariantName = "[No Variations]"
Add component (AddParameter): Name = "Temperature"; Value = "-20°C to +55°C"; VariantName = "[No Variations]"
Add component (AddParameter): Name = "Temperature Range High"; Value = "+55°C"; VariantName = "[No Variations]"
Add component (AddParameter): Name = "Temperature Range Low"; Value = "-20°C"; VariantName = "[No Variations]"
Add component (AddParameter): Name = "Value"; Value = "8O"; VariantName = "[No Variations]"
Added Pin To Net: NetName=Net3.3V Converter_4 Pin=AC1-2
Added Pin To Net: NetName=Net3.3V Converter_4 Pin=AC2-1
Added Pin To Net: NetName=Net3.3V Converter_3 Pin=AC2-2
Added Pin To Net: NetName=Net3.3V Converter_4 Pin=AC3-1
Added Pin To Net: NetName=Net3.3V Converter_4 Pin=Accelerometer?-1
Added Pin To Net: NetName=Net3.3V Converter_4 Pin=Accelerometer?-9
Added Pin To Net: NetName=Net3.3V Converter_4 Pin=Accelerometer?-11
Added Pin To Net: NetName=Net3.3V Converter_3 Pin=Accelerometer?-13
Added Pin To Net: NetName=Net3.3V Converter_4 Pin=LS?-2
Added Pin To Net: NetName=Net3.3V Converter_3 Pin=SW1-2
Added Pin To Net: NetName=NetAC1_1 Pin=AC1-1
Added Pin To Net: NetName=NetAC1_1 Pin=Accelerometer?-20
Added Net: Name=NetAC1_1
Added Pin To Net: NetName=NetAC3_2 Pin=AC3-2
Added Pin To Net: NetName=NetAC3_2 Pin=Accelerometer?-8
Added Net: Name=NetAC3_2
Added Pin To Net: NetName=NetAccelerometer?_23 Pin=Accelerometer?-23
Added Pin To Net: NetName=NetAccelerometer?_23 Pin=U1-63
Added Net: Name=NetAccelerometer?_23
Added Pin To Net: NetName=NetAccelerometer?_24 Pin=Accelerometer?-24
Added Pin To Net: NetName=NetAccelerometer?_24 Pin=U1-64
Added Net: Name=NetAccelerometer?_24
Added Pin To Net: NetName=NetLS?_1 Pin=LS?-1
Added Pin To Net: NetName=NetLS?_1 Pin=U1-60
Added Net: Name=NetLS?_1
Added Pin To Net: NetName=NetU1_23 Pin=U1-23
Added Net: Name=NetU1_23
Added Pin To Net: NetName=NetU1_24 Pin=U1-24
Added Net: Name=NetU1_24
Added Pin To Net: NetName=NetU1_57 Pin=U1-57
Added Net: Name=NetU1_57
Added Pin To Net: NetName=NetU1_58 Pin=U1-58
Added Net: Name=NetU1_58
Added Pin To Net: NetName=NetU1_59 Pin=U1-59
Added Net: Name=NetU1_59
Added Pin To Net: NetName=NetUSB_1 Pin=USB-1
Added Net: Name=NetUSB_1
Added Member To Class: ClassName=Accelerometer Member=Component AC1 GRM188R71H222KA01D
Added Member To Class: ClassName=Accelerometer Member=Component AC2 GRM21BR61E106KA73L
Added Member To Class: ClassName=Accelerometer Member=Component AC3 GRM188R71H103KA01D
Added Member To Class: ClassName=Accelerometer Member=Component Accelerometer? MPU6050
Added Member To Class: ClassName=U_SdpSchemRev1 Member=Component LS? CVS-1508
Added Room: Name=Accelerometer
