Change Component Designator: OldDesignator=Accelerometer NewDesignator=Accelerometer?
Change Component Designator: OldDesignator=DG NewDesignator=D?
Change Component Designator: OldDesignator=DR NewDesignator=DS?
Added Component: Designator=U?(RHA0040H_V)
Add component (AddParameter): Name = "ComponentLink1Description"; Value = "Manufacturer URL"; VariantName = "[No Variations]"
Add component (AddParameter): Name = "ComponentLink1URL"; Value = "http://www.ti.com/"; VariantName = "[No Variations]"
Add component (AddParameter): Name = "ComponentLink2Description"; Value = "Datasheet"; VariantName = "[No Variations]"
Add component (AddParameter): Name = "ComponentLink2URL"; Value = "http://www.ti.com/lit/ds/symlink/cc2540.pdf"; VariantName = "[No Variations]"
Add component (AddParameter): Name = "ComponentLink3Description"; Value = "Package Specification"; VariantName = "[No Variations]"
Add component (AddParameter): Name = "ComponentLink3URL"; Value = "http://www.ti.com/lit/ml/mpqf135c/mpqf135c.pdf"; VariantName = "[No Variations]"
Add component (AddParameter): Name = "DatasheetVersion"; Value = "SWRS084F"; VariantName = "[No Variations]"
Add component (AddParameter): Name = "Device Type"; Value = "Wireless MCU"; VariantName = "[No Variations]"
Add component (AddParameter): Name = "Flash Size (KB)"; Value = "256"; VariantName = "[No Variations]"
Add component (AddParameter): Name = "Manufacturer"; Value = "Texas Instruments"; VariantName = "[No Variations]"
Add component (AddParameter): Name = "Mounting Technology"; Value = "Surface Mount"; VariantName = "[No Variations]"
Add component (AddParameter): Name = "PackageDescription"; Value = "40-Pin Plastic Quad Flatpack No-Lead, Body 6 x 6 mm, Pitch 0.5 mm"; VariantName = "[No Variations]"
Add component (AddParameter): Name = "PackageReference"; Value = "RHA0040H"; VariantName = "[No Variations]"
Add component (AddParameter): Name = "PackageVersion"; Value = "4204276/E"; VariantName = "[No Variations]"
Add component (AddParameter): Name = "Packing"; Value = "Tape and Reel"; VariantName = "[No Variations]"
Add component (AddParameter): Name = "PartNumber"; Value = "CC2540F256RHAT"; VariantName = "[No Variations]"
Add component (AddParameter): Name = "RAM Size (KB)"; Value = "8"; VariantName = "[No Variations]"
Add component (AddParameter): Name = "RoHS"; Value = "TRUE"; VariantName = "[No Variations]"
Add component (AddParameter): Name = "RX Current (Lowest) (mA)"; Value = "19.6"; VariantName = "[No Variations]"
Add component (AddParameter): Name = "Sensitivity (Best) (dBm)"; Value = "-93"; VariantName = "[No Variations]"
Add component (AddParameter): Name = "Standby Current (uA)"; Value = "0.4"; VariantName = "[No Variations]"
Add component (AddParameter): Name = "Temperature Range"; Value = "-40 to 85 degC"; VariantName = "[No Variations]"
Add component (AddParameter): Name = "Wakeup Time (PD-->RX/TX) (us)"; Value = "530"; VariantName = "[No Variations]"
Added Class: Name=Sheet1
Added Member To Class: ClassName=SdpSchemRev1 Member=Component Accelerometer? MPU6050
Added Member To Class: ClassName=SdpSchemRev1 Member=Component C1 CAP 1uF 50V 0805(2012)
Added Member To Class: ClassName=SdpSchemRev1 Member=Component C2 GRM21BR61E106KA73L
Added Member To Class: ClassName=SdpSchemRev1 Member=Component C3
Added Member To Class: ClassName=SdpSchemRev1 Member=Component C4 CAP 1uF 50V 0805(2012)
Added Member To Class: ClassName=SdpSchemRev1 Member=Component C5
Added Member To Class: ClassName=SdpSchemRev1 Member=Component C6
Added Member To Class: ClassName=SdpSchemRev1 Member=Component C7
Added Member To Class: ClassName=SdpSchemRev1 Member=Component C8 CAP 1uF 50V 0805(2012)
Added Member To Class: ClassName=SdpSchemRev1 Member=Component C9 GRM1885C1H220JA01D
Added Member To Class: ClassName=SdpSchemRev1 Member=Component C10 GRM1885C1H220JA01D
Added Member To Class: ClassName=SdpSchemRev1 Member=Component C11 CAP 1uF 50V 0805(2012)
Added Member To Class: ClassName=SdpSchemRev1 Member=Component C12 GRM188R71H103KA01D
Added Member To Class: ClassName=SdpSchemRev1 Member=Component C13 GRM21BR61E106KA73L
Added Member To Class: ClassName=SdpSchemRev1 Member=Component C14 GRM188R60J475KE19D
Added Member To Class: ClassName=SdpSchemRev1 Member=Component C15 GRM188R71H222KA01D
Added Member To Class: ClassName=SdpSchemRev1 Member=Component Charging Controller? BQ24075RGTT
Added Member To Class: ClassName=SdpSchemRev1 Member=Component D? LTST-C190GKT
Added Member To Class: ClassName=SdpSchemRev1 Member=Component DS? HSMS-C190
Added Member To Class: ClassName=SdpSchemRev1 Member=Component J? 629105150521
Added Member To Class: ClassName=SdpSchemRev1 Member=Component L1 B82422A1103K100
Added Member To Class: ClassName=SdpSchemRev1 Member=Component P1 S2B-PH-SM4-TB(LF)(SN)
Added Member To Class: ClassName=SdpSchemRev1 Member=Component R1 ERA-6AEB103V
Added Member To Class: ClassName=SdpSchemRev1 Member=Component R2 ERA6AEB331V
Added Member To Class: ClassName=SdpSchemRev1 Member=Component R3 ERA6AEB2873V
Added Member To Class: ClassName=SdpSchemRev1 Member=Component R4 ERA-6AEB103V
Added Member To Class: ClassName=SdpSchemRev1 Member=Component R5 ERA6AEB472V
Added Member To Class: ClassName=SdpSchemRev1 Member=Component R6 ERA6AEB332V
Added Member To Class: ClassName=SdpSchemRev1 Member=Component R? ERA3AEB8451V
Added Member To Class: ClassName=SdpSchemRev1 Member=Component SW2 PTS645SM43SMTR92LFS
Added Member To Class: ClassName=SdpSchemRev1 Member=Component SW? PTS645SM43SMTR92LFS
Added Member To Class: ClassName=SdpSchemRev1 Member=Component U1 ATSAMD51J19
Added Member To Class: ClassName=SdpSchemRev1 Member=Component U2 KF33BDT-TR
Added Member To Class: ClassName=SdpSchemRev1 Member=Component Y1 ABS07-120-32.768KHZ-T
Added Room: Name=SdpSchemRev1
Added Room: Name=Sheet1
